<?xml version="1.0" encoding="UTF-8"?>
<!-- Generated by org.testng.reporters.JUnitXMLReporter -->
<testsuite ignored="0" hostname="DEVESHPC" failures="0" tests="6" name="Default test" time="58.216" errors="0" timestamp="2025-02-13T17:51:08 IST">
  <testcase classname="testcases.BuyItemTestCase" name="test001searchWatch" time="2.564"/>
  <testcase classname="testcases.BuyItemTestCase" name="test002selectPriceRange" time="0.66"/>
  <testcase classname="testcases.BuyItemTestCase" name="test003selectDialColor" time="4.428"/>
  <testcase classname="testcases.BuyItemTestCase" name="test004addToCart" time="13.102"/>
  <testcase classname="testcases.BuyItemTestCase" name="test005IncreaseItemNumber" time="0.166"/>
  <testcase classname="testcases.BuyItemTestCase" name="test006GoToCartAndBuy" time="4.212"/>
</testsuite> <!-- Default test -->
