<?xml version="1.0" encoding="UTF-8"?>
<testng-results ignored="0" total="6" passed="5" failed="1" skipped="0">
  <reporter-output>
  </reporter-output>
  <suite started-at="2025-02-08T21:52:02 IST" name="Default suite" finished-at="2025-02-08T21:53:12 IST" duration-ms="70691">
    <groups>
    </groups>
    <test started-at="2025-02-08T21:52:02 IST" name="Default test" finished-at="2025-02-08T21:53:12 IST" duration-ms="70691">
      <class name="testcases.BuyItemTestCase">
        <test-method is-config="true" signature="openBrowser()[pri:0, instance:testcases.BuyItemTestCase@47eaca72]" started-at="2025-02-08T21:52:02 IST" name="openBrowser" finished-at="2025-02-08T21:52:11 IST" duration-ms="9184" status="PASS">
          <reporter-output>
          </reporter-output>
        </test-method> <!-- openBrowser -->
        <test-method signature="test001searchWatch()[pri:0, instance:testcases.BuyItemTestCase@47eaca72]" started-at="2025-02-08T21:52:11 IST" name="test001searchWatch" finished-at="2025-02-08T21:52:20 IST" duration-ms="8611" status="PASS">
          <reporter-output>
          </reporter-output>
        </test-method> <!-- test001searchWatch -->
        <test-method signature="test002selectPriceRange()[pri:0, instance:testcases.BuyItemTestCase@47eaca72]" started-at="2025-02-08T21:52:20 IST" name="test002selectPriceRange" finished-at="2025-02-08T21:52:27 IST" duration-ms="7720" status="PASS">
          <reporter-output>
          </reporter-output>
        </test-method> <!-- test002selectPriceRange -->
        <test-method signature="test003selectDialColor()[pri:0, instance:testcases.BuyItemTestCase@47eaca72]" started-at="2025-02-08T21:52:27 IST" name="test003selectDialColor" finished-at="2025-02-08T21:52:35 IST" duration-ms="7977" status="PASS">
          <reporter-output>
          </reporter-output>
        </test-method> <!-- test003selectDialColor -->
        <test-method signature="test004addToCart()[pri:0, instance:testcases.BuyItemTestCase@47eaca72]" started-at="2025-02-08T21:52:35 IST" name="test004addToCart" finished-at="2025-02-08T21:53:00 IST" duration-ms="24960" status="PASS">
          <reporter-output>
          </reporter-output>
        </test-method> <!-- test004addToCart -->
        <test-method signature="test005GoToCartAndBuy()[pri:0, instance:testcases.BuyItemTestCase@47eaca72]" started-at="2025-02-08T21:53:00 IST" name="test005GoToCartAndBuy" finished-at="2025-02-08T21:53:11 IST" duration-ms="10661" status="PASS">
          <reporter-output>
          </reporter-output>
        </test-method> <!-- test005GoToCartAndBuy -->
        <test-method signature="test005IncreaseItemNumber()[pri:0, instance:testcases.BuyItemTestCase@47eaca72]" started-at="2025-02-08T21:53:11 IST" name="test005IncreaseItemNumber" finished-at="2025-02-08T21:53:11 IST" duration-ms="344" status="FAIL">
          <exception class="java.lang.IndexOutOfBoundsException">
            <message>
              <![CDATA[Index 1 out of bounds for length 0]]>
            </message>
            <full-stacktrace>
              <![CDATA[java.lang.IndexOutOfBoundsException: Index 1 out of bounds for length 0
at java.base/jdk.internal.util.Preconditions.outOfBounds(Preconditions.java:100)
at java.base/jdk.internal.util.Preconditions.outOfBoundsCheckIndex(Preconditions.java:106)
at java.base/jdk.internal.util.Preconditions.checkIndex(Preconditions.java:302)
at java.base/java.util.Objects.checkIndex(Objects.java:365)
at java.base/java.util.ArrayList.get(ArrayList.java:428)
at testcases.BuyItemTestCase.test005IncreaseItemNumber(BuyItemTestCase.java:125)
at java.base/jdk.internal.reflect.DirectMethodHandleAccessor.invoke(DirectMethodHandleAccessor.java:103)
at java.base/java.lang.reflect.Method.invoke(Method.java:580)
at org.testng.internal.MethodInvocationHelper.invokeMethod(MethodInvocationHelper.java:133)
at org.testng.internal.TestInvoker.invokeMethod(TestInvoker.java:598)
at org.testng.internal.TestInvoker.invokeTestMethod(TestInvoker.java:173)
at org.testng.internal.MethodRunner.runInSequence(MethodRunner.java:46)
at org.testng.internal.TestInvoker$MethodInvocationAgent.invoke(TestInvoker.java:824)
at org.testng.internal.TestInvoker.invokeTestMethods(TestInvoker.java:146)
at org.testng.internal.TestMethodWorker.invokeTestMethods(TestMethodWorker.java:146)
at org.testng.internal.TestMethodWorker.run(TestMethodWorker.java:128)
at java.base/java.util.ArrayList.forEach(ArrayList.java:1597)
at org.testng.TestRunner.privateRun(TestRunner.java:794)
at org.testng.TestRunner.run(TestRunner.java:596)
at org.testng.SuiteRunner.runTest(SuiteRunner.java:377)
at org.testng.SuiteRunner.runSequentially(SuiteRunner.java:371)
at org.testng.SuiteRunner.privateRun(SuiteRunner.java:332)
at org.testng.SuiteRunner.run(SuiteRunner.java:276)
at org.testng.SuiteRunnerWorker.runSuite(SuiteRunnerWorker.java:53)
at org.testng.SuiteRunnerWorker.run(SuiteRunnerWorker.java:96)
at org.testng.TestNG.runSuitesSequentially(TestNG.java:1212)
at org.testng.TestNG.runSuitesLocally(TestNG.java:1134)
at org.testng.TestNG.runSuites(TestNG.java:1063)
at org.testng.TestNG.run(TestNG.java:1031)
at org.testng.remote.AbstractRemoteTestNG.run(AbstractRemoteTestNG.java:115)
at org.testng.remote.RemoteTestNG.initAndRun(RemoteTestNG.java:293)
at org.testng.remote.RemoteTestNG.main(RemoteTestNG.java:91)
]]>
            </full-stacktrace>
          </exception> <!-- java.lang.IndexOutOfBoundsException -->
          <reporter-output>
          </reporter-output>
        </test-method> <!-- test005IncreaseItemNumber -->
        <test-method is-config="true" signature="endTest()[pri:0, instance:testcases.BuyItemTestCase@47eaca72]" started-at="2025-02-08T21:53:11 IST" name="endTest" finished-at="2025-02-08T21:53:12 IST" duration-ms="1183" status="PASS">
          <reporter-output>
          </reporter-output>
        </test-method> <!-- endTest -->
      </class> <!-- testcases.BuyItemTestCase -->
    </test> <!-- Default test -->
  </suite> <!-- Default suite -->
</testng-results>
