<?xml version="1.0" encoding="UTF-8"?>
<testng-results ignored="0" total="6" passed="6" failed="0" skipped="0">
  <reporter-output>
  </reporter-output>
  <suite started-at="2025-02-13T17:50:10 IST" name="Default suite" finished-at="2025-02-13T17:51:08 IST" duration-ms="58216">
    <groups>
    </groups>
    <test started-at="2025-02-13T17:50:10 IST" name="Default test" finished-at="2025-02-13T17:51:08 IST" duration-ms="58216">
      <class name="testcases.BuyItemTestCase">
        <test-method is-config="true" signature="openBrowser()[pri:0, instance:testcases.BuyItemTestCase@55141def]" started-at="2025-02-13T17:50:10 IST" name="openBrowser" finished-at="2025-02-13T17:50:43 IST" duration-ms="32579" status="PASS">
          <reporter-output>
          </reporter-output>
        </test-method> <!-- openBrowser -->
        <test-method signature="test001searchWatch()[pri:0, instance:testcases.BuyItemTestCase@55141def]" started-at="2025-02-13T17:50:43 IST" name="test001searchWatch" finished-at="2025-02-13T17:50:45 IST" duration-ms="2564" status="PASS">
          <reporter-output>
          </reporter-output>
        </test-method> <!-- test001searchWatch -->
        <test-method signature="test002selectPriceRange()[pri:0, instance:testcases.BuyItemTestCase@55141def]" started-at="2025-02-13T17:50:45 IST" name="test002selectPriceRange" finished-at="2025-02-13T17:50:46 IST" duration-ms="660" status="PASS">
          <reporter-output>
          </reporter-output>
        </test-method> <!-- test002selectPriceRange -->
        <test-method signature="test003selectDialColor()[pri:0, instance:testcases.BuyItemTestCase@55141def]" started-at="2025-02-13T17:50:46 IST" name="test003selectDialColor" finished-at="2025-02-13T17:50:50 IST" duration-ms="4428" status="PASS">
          <reporter-output>
          </reporter-output>
        </test-method> <!-- test003selectDialColor -->
        <test-method signature="test004addToCart()[pri:0, instance:testcases.BuyItemTestCase@55141def]" started-at="2025-02-13T17:50:50 IST" name="test004addToCart" finished-at="2025-02-13T17:51:04 IST" duration-ms="13102" status="PASS">
          <reporter-output>
          </reporter-output>
        </test-method> <!-- test004addToCart -->
        <test-method signature="test005IncreaseItemNumber()[pri:0, instance:testcases.BuyItemTestCase@55141def]" started-at="2025-02-13T17:51:04 IST" name="test005IncreaseItemNumber" finished-at="2025-02-13T17:51:04 IST" duration-ms="166" status="PASS">
          <reporter-output>
          </reporter-output>
        </test-method> <!-- test005IncreaseItemNumber -->
        <test-method signature="test006GoToCartAndBuy()[pri:0, instance:testcases.BuyItemTestCase@55141def]" started-at="2025-02-13T17:51:04 IST" name="test006GoToCartAndBuy" finished-at="2025-02-13T17:51:08 IST" duration-ms="4212" status="PASS">
          <reporter-output>
          </reporter-output>
        </test-method> <!-- test006GoToCartAndBuy -->
        <test-method is-config="true" signature="endTest()[pri:0, instance:testcases.BuyItemTestCase@55141def]" started-at="2025-02-13T17:51:08 IST" name="endTest" finished-at="2025-02-13T17:51:08 IST" duration-ms="466" status="PASS">
          <reporter-output>
          </reporter-output>
        </test-method> <!-- endTest -->
      </class> <!-- testcases.BuyItemTestCase -->
    </test> <!-- Default test -->
  </suite> <!-- Default suite -->
</testng-results>
